<?xml version="1.0" encoding="UTF-8"?>
<!-- Generated by org.testng.reporters.JUnitReportReporter -->
<testsuite skipped="0" hostname="LAPTOP-3HLSBHR8" name="MavenDemoJenkins.Jenkins.TestDemo" tests="1" failures="0" timestamp="04 Dec 2018 11:28:00 GMT" time="29.330" errors="0">
  <testcase name="main" time="29.330" classname="MavenDemoJenkins.Jenkins.TestDemo"/>
</testsuite> <!-- MavenDemoJenkins.Jenkins.TestDemo -->
